This file contains any messages produced by compilers while
running configure, to aid debugging if configure makes a mistake.

It was created by puff configure 2.2.1, which was
generated by GNU Autoconf 2.59.  Invocation command line was

  $ ./configure --prefix /home/josh/puff --enable-warnings --with-freetype NETCDF_INC=/usr/include/netcdf/

## --------- ##
## Platform. ##
## --------- ##

hostname = eevee
uname -m = i686
uname -r = 2.6.31.12-174.2.3.fc12.i686
uname -s = Linux
uname -v = #1 SMP Mon Jan 18 20:22:46 UTC 2010

/usr/bin/uname -p = unknown
/bin/uname -X     = unknown

/bin/arch              = i686
/usr/bin/arch -k       = unknown
/usr/convex/getsysinfo = unknown
hostinfo               = unknown
/bin/machine           = unknown
/usr/bin/oslevel       = unknown
/bin/universe          = unknown

PATH: /opt/hpcmp
PATH: /usr/local/bin
PATH: /usr/bin
PATH: /bin
PATH: /usr/local/sbin
PATH: /usr/sbin
PATH: /sbin
PATH: /home/josh/bin


## ----------- ##
## Core tests. ##
## ----------- ##

configure:1591: checking build system type
configure:1609: result: i686-pc-linux-gnu
configure:1617: checking host system type
configure:1631: result: i686-pc-linux-gnu
configure:1639: checking target system type
configure:1653: result: i686-pc-linux-gnu
configure:1688: checking for a BSD-compatible install
configure:1743: result: /usr/bin/install -c
configure:1754: checking whether build environment is sane
configure:1797: result: yes
configure:1862: checking for gawk
configure:1878: found /usr/bin/gawk
configure:1888: result: gawk
configure:1898: checking whether make sets $(MAKE)
configure:1918: result: yes
configure:2142: checking for gcc
configure:2158: found /usr/bin/gcc
configure:2168: result: gcc
configure:2412: checking for C compiler version
configure:2415: gcc --version </dev/null >&5
gcc (GCC) 4.4.3 20100127 (Red Hat 4.4.3-4)
Copyright (C) 2010 Free Software Foundation, Inc.
This is free software; see the source for copying conditions.  There is NO
warranty; not even for MERCHANTABILITY or FITNESS FOR A PARTICULAR PURPOSE.

configure:2418: $? = 0
configure:2420: gcc -v </dev/null >&5
Using built-in specs.
Target: i686-redhat-linux
Configured with: ../configure --prefix=/usr --mandir=/usr/share/man --infodir=/usr/share/info --with-bugurl=http://bugzilla.redhat.com/bugzilla --enable-bootstrap --enable-shared --enable-threads=posix --enable-checking=release --with-system-zlib --enable-__cxa_atexit --disable-libunwind-exceptions --enable-gnu-unique-object --enable-languages=c,c++,objc,obj-c++,java,fortran,ada --enable-java-awt=gtk --disable-dssi --enable-plugin --with-java-home=/usr/lib/jvm/java-1.5.0-gcj-1.5.0.0/jre --enable-libgcj-multifile --enable-java-maintainer-mode --with-ecj-jar=/usr/share/java/eclipse-ecj.jar --disable-libjava-multilib --with-ppl --with-cloog --with-tune=generic --with-arch=i686 --build=i686-redhat-linux
Thread model: posix
gcc version 4.4.3 20100127 (Red Hat 4.4.3-4) (GCC) 
configure:2423: $? = 0
configure:2425: gcc -V </dev/null >&5
gcc: '-V' option must have argument
configure:2428: $? = 1
configure:2451: checking for C compiler default output file name
configure:2454: gcc    conftest.c  >&5
configure:2457: $? = 0
configure:2503: result: a.out
configure:2508: checking whether the C compiler works
configure:2514: ./a.out
configure:2517: $? = 0
configure:2534: result: yes
configure:2541: checking whether we are cross compiling
configure:2543: result: no
configure:2546: checking for suffix of executables
configure:2548: gcc -o conftest    conftest.c  >&5
configure:2551: $? = 0
configure:2576: result: 
configure:2582: checking for suffix of object files
configure:2603: gcc -c   conftest.c >&5
configure:2606: $? = 0
configure:2628: result: o
configure:2632: checking whether we are using the GNU C compiler
configure:2656: gcc -c   conftest.c >&5
configure:2662: $? = 0
configure:2666: test -z 
			 || test ! -s conftest.err
configure:2669: $? = 0
configure:2672: test -s conftest.o
configure:2675: $? = 0
configure:2688: result: yes
configure:2694: checking whether gcc accepts -g
configure:2715: gcc -c -g  conftest.c >&5
configure:2721: $? = 0
configure:2725: test -z 
			 || test ! -s conftest.err
configure:2728: $? = 0
configure:2731: test -s conftest.o
configure:2734: $? = 0
configure:2745: result: yes
configure:2762: checking for gcc option to accept ANSI C
configure:2832: gcc  -c -g -O2  conftest.c >&5
configure:2838: $? = 0
configure:2842: test -z 
			 || test ! -s conftest.err
configure:2845: $? = 0
configure:2848: test -s conftest.o
configure:2851: $? = 0
configure:2869: result: none needed
configure:2887: gcc -c -g -O2  conftest.c >&5
conftest.c:2: error: expected '=', ',', ';', 'asm' or '__attribute__' before 'me'
configure:2893: $? = 1
configure: failed program was:
| #ifndef __cplusplus
|   choke me
| #endif
configure:3037: checking for style of include used by make
configure:3065: result: GNU
configure:3093: checking dependency style of gcc
configure:3183: result: gcc3
configure:3252: checking for g++
configure:3268: found /usr/bin/g++
configure:3278: result: g++
configure:3294: checking for C++ compiler version
configure:3297: g++ --version </dev/null >&5
g++ (GCC) 4.4.3 20100127 (Red Hat 4.4.3-4)
Copyright (C) 2010 Free Software Foundation, Inc.
This is free software; see the source for copying conditions.  There is NO
warranty; not even for MERCHANTABILITY or FITNESS FOR A PARTICULAR PURPOSE.

configure:3300: $? = 0
configure:3302: g++ -v </dev/null >&5
Using built-in specs.
Target: i686-redhat-linux
Configured with: ../configure --prefix=/usr --mandir=/usr/share/man --infodir=/usr/share/info --with-bugurl=http://bugzilla.redhat.com/bugzilla --enable-bootstrap --enable-shared --enable-threads=posix --enable-checking=release --with-system-zlib --enable-__cxa_atexit --disable-libunwind-exceptions --enable-gnu-unique-object --enable-languages=c,c++,objc,obj-c++,java,fortran,ada --enable-java-awt=gtk --disable-dssi --enable-plugin --with-java-home=/usr/lib/jvm/java-1.5.0-gcj-1.5.0.0/jre --enable-libgcj-multifile --enable-java-maintainer-mode --with-ecj-jar=/usr/share/java/eclipse-ecj.jar --disable-libjava-multilib --with-ppl --with-cloog --with-tune=generic --with-arch=i686 --build=i686-redhat-linux
Thread model: posix
gcc version 4.4.3 20100127 (Red Hat 4.4.3-4) (GCC) 
configure:3305: $? = 0
configure:3307: g++ -V </dev/null >&5
g++: '-V' option must have argument
configure:3310: $? = 1
configure:3313: checking whether we are using the GNU C++ compiler
configure:3337: g++ -c   conftest.cc >&5
configure:3343: $? = 0
configure:3347: test -z 
			 || test ! -s conftest.err
configure:3350: $? = 0
configure:3353: test -s conftest.o
configure:3356: $? = 0
configure:3369: result: yes
configure:3375: checking whether g++ accepts -g
configure:3396: g++ -c -g  conftest.cc >&5
configure:3402: $? = 0
configure:3406: test -z 
			 || test ! -s conftest.err
configure:3409: $? = 0
configure:3412: test -s conftest.o
configure:3415: $? = 0
configure:3426: result: yes
configure:3468: g++ -c -g -O2  conftest.cc >&5
configure:3474: $? = 0
configure:3478: test -z 
			 || test ! -s conftest.err
configure:3481: $? = 0
configure:3484: test -s conftest.o
configure:3487: $? = 0
configure:3513: g++ -c -g -O2  conftest.cc >&5
conftest.cc: In function 'int main()':
conftest.cc:16: error: 'exit' was not declared in this scope
configure:3519: $? = 1
configure: failed program was:
| /* confdefs.h.  */
| 
| #define PACKAGE_NAME "puff"
| #define PACKAGE_TARNAME "puff-uaf"
| #define PACKAGE_VERSION "2.2.1"
| #define PACKAGE_STRING "puff 2.2.1"
| #define PACKAGE_BUGREPORT "rorik@gi.alaska.edu"
| #define BUILD_OS i686-pc-linux-gnu
| #define PACKAGE "puff-uaf"
| #define VERSION "2.2.1"
| /* end confdefs.h.  */
| 
| int
| main ()
| {
| exit (42);
|   ;
|   return 0;
| }
configure:3468: g++ -c -g -O2  conftest.cc >&5
conftest.cc:12: error: 'void std::exit(int)' should have been declared inside 'std'
configure:3474: $? = 1
configure: failed program was:
| /* confdefs.h.  */
| 
| #define PACKAGE_NAME "puff"
| #define PACKAGE_TARNAME "puff-uaf"
| #define PACKAGE_VERSION "2.2.1"
| #define PACKAGE_STRING "puff 2.2.1"
| #define PACKAGE_BUGREPORT "rorik@gi.alaska.edu"
| #define BUILD_OS i686-pc-linux-gnu
| #define PACKAGE "puff-uaf"
| #define VERSION "2.2.1"
| /* end confdefs.h.  */
| extern "C" void std::exit (int) throw (); using std::exit;
| #include <stdlib.h>
| int
| main ()
| {
| exit (42);
|   ;
|   return 0;
| }
configure:3468: g++ -c -g -O2  conftest.cc >&5
conftest.cc:12: error: 'void std::exit(int)' should have been declared inside 'std'
In file included from conftest.cc:13:
/usr/include/stdlib.h:543: error: declaration of 'void std::exit(int) throw ()' throws different exceptions
conftest.cc:12: error: from previous declaration 'void std::exit(int)'
configure:3474: $? = 1
configure: failed program was:
| /* confdefs.h.  */
| 
| #define PACKAGE_NAME "puff"
| #define PACKAGE_TARNAME "puff-uaf"
| #define PACKAGE_VERSION "2.2.1"
| #define PACKAGE_STRING "puff 2.2.1"
| #define PACKAGE_BUGREPORT "rorik@gi.alaska.edu"
| #define BUILD_OS i686-pc-linux-gnu
| #define PACKAGE "puff-uaf"
| #define VERSION "2.2.1"
| /* end confdefs.h.  */
| extern "C" void std::exit (int); using std::exit;
| #include <stdlib.h>
| int
| main ()
| {
| exit (42);
|   ;
|   return 0;
| }
configure:3468: g++ -c -g -O2  conftest.cc >&5
configure:3474: $? = 0
configure:3478: test -z 
			 || test ! -s conftest.err
configure:3481: $? = 0
configure:3484: test -s conftest.o
configure:3487: $? = 0
configure:3513: g++ -c -g -O2  conftest.cc >&5
configure:3519: $? = 0
configure:3523: test -z 
			 || test ! -s conftest.err
configure:3526: $? = 0
configure:3529: test -s conftest.o
configure:3532: $? = 0
configure:3557: checking dependency style of g++
configure:3647: result: gcc3
configure:3677: checking for a BSD-compatible install
configure:3732: result: /usr/bin/install -c
configure:3816: checking for a sed that does not truncate output
configure:3870: result: /bin/sed
configure:3873: checking for egrep
configure:3883: result: grep -E
configure:3899: checking for ld used by gcc
configure:3966: result: /usr/bin/ld
configure:3975: checking if the linker (/usr/bin/ld) is GNU ld
configure:3990: result: yes
configure:3995: checking for /usr/bin/ld option to reload object files
configure:4002: result: -r
configure:4011: checking for BSD-compatible nm
configure:4053: result: /usr/bin/nm -B
configure:4057: checking whether ln -s works
configure:4061: result: yes
configure:4068: checking how to recognise dependent libraries
configure:4251: result: pass_all
configure:4465: checking how to run the C preprocessor
configure:4500: gcc -E  conftest.c
configure:4506: $? = 0
configure:4538: gcc -E  conftest.c
conftest.c:15:28: error: ac_nonexistent.h: No such file or directory
configure:4544: $? = 1
configure: failed program was:
| /* confdefs.h.  */
| 
| #define PACKAGE_NAME "puff"
| #define PACKAGE_TARNAME "puff-uaf"
| #define PACKAGE_VERSION "2.2.1"
| #define PACKAGE_STRING "puff 2.2.1"
| #define PACKAGE_BUGREPORT "rorik@gi.alaska.edu"
| #define BUILD_OS i686-pc-linux-gnu
| #define PACKAGE "puff-uaf"
| #define VERSION "2.2.1"
| #ifdef __cplusplus
| extern "C" void exit (int) throw ();
| #endif
| /* end confdefs.h.  */
| #include <ac_nonexistent.h>
configure:4583: result: gcc -E
configure:4607: gcc -E  conftest.c
configure:4613: $? = 0
configure:4645: gcc -E  conftest.c
conftest.c:15:28: error: ac_nonexistent.h: No such file or directory
configure:4651: $? = 1
configure: failed program was:
| /* confdefs.h.  */
| 
| #define PACKAGE_NAME "puff"
| #define PACKAGE_TARNAME "puff-uaf"
| #define PACKAGE_VERSION "2.2.1"
| #define PACKAGE_STRING "puff 2.2.1"
| #define PACKAGE_BUGREPORT "rorik@gi.alaska.edu"
| #define BUILD_OS i686-pc-linux-gnu
| #define PACKAGE "puff-uaf"
| #define VERSION "2.2.1"
| #ifdef __cplusplus
| extern "C" void exit (int) throw ();
| #endif
| /* end confdefs.h.  */
| #include <ac_nonexistent.h>
configure:4695: checking for ANSI C header files
configure:4720: gcc -c -g -O2  conftest.c >&5
configure:4726: $? = 0
configure:4730: test -z 
			 || test ! -s conftest.err
configure:4733: $? = 0
configure:4736: test -s conftest.o
configure:4739: $? = 0
configure:4828: gcc -o conftest -g -O2   conftest.c  >&5
conftest.c: In function 'main':
conftest.c:32: warning: incompatible implicit declaration of built-in function 'exit'
configure:4831: $? = 0
configure:4833: ./conftest
configure:4836: $? = 0
configure:4851: result: yes
configure:4875: checking for sys/types.h
configure:4891: gcc -c -g -O2  conftest.c >&5
configure:4897: $? = 0
configure:4901: test -z 
			 || test ! -s conftest.err
configure:4904: $? = 0
configure:4907: test -s conftest.o
configure:4910: $? = 0
configure:4921: result: yes
configure:4875: checking for sys/stat.h
configure:4891: gcc -c -g -O2  conftest.c >&5
configure:4897: $? = 0
configure:4901: test -z 
			 || test ! -s conftest.err
configure:4904: $? = 0
configure:4907: test -s conftest.o
configure:4910: $? = 0
configure:4921: result: yes
configure:4875: checking for stdlib.h
configure:4891: gcc -c -g -O2  conftest.c >&5
configure:4897: $? = 0
configure:4901: test -z 
			 || test ! -s conftest.err
configure:4904: $? = 0
configure:4907: test -s conftest.o
configure:4910: $? = 0
configure:4921: result: yes
configure:4875: checking for string.h
configure:4891: gcc -c -g -O2  conftest.c >&5
configure:4897: $? = 0
configure:4901: test -z 
			 || test ! -s conftest.err
configure:4904: $? = 0
configure:4907: test -s conftest.o
configure:4910: $? = 0
configure:4921: result: yes
configure:4875: checking for memory.h
configure:4891: gcc -c -g -O2  conftest.c >&5
configure:4897: $? = 0
configure:4901: test -z 
			 || test ! -s conftest.err
configure:4904: $? = 0
configure:4907: test -s conftest.o
configure:4910: $? = 0
configure:4921: result: yes
configure:4875: checking for strings.h
configure:4891: gcc -c -g -O2  conftest.c >&5
configure:4897: $? = 0
configure:4901: test -z 
			 || test ! -s conftest.err
configure:4904: $? = 0
configure:4907: test -s conftest.o
configure:4910: $? = 0
configure:4921: result: yes
configure:4875: checking for inttypes.h
configure:4891: gcc -c -g -O2  conftest.c >&5
configure:4897: $? = 0
configure:4901: test -z 
			 || test ! -s conftest.err
configure:4904: $? = 0
configure:4907: test -s conftest.o
configure:4910: $? = 0
configure:4921: result: yes
configure:4875: checking for stdint.h
configure:4891: gcc -c -g -O2  conftest.c >&5
configure:4897: $? = 0
configure:4901: test -z 
			 || test ! -s conftest.err
configure:4904: $? = 0
configure:4907: test -s conftest.o
configure:4910: $? = 0
configure:4921: result: yes
configure:4875: checking for unistd.h
configure:4891: gcc -c -g -O2  conftest.c >&5
configure:4897: $? = 0
configure:4901: test -z 
			 || test ! -s conftest.err
configure:4904: $? = 0
configure:4907: test -s conftest.o
configure:4910: $? = 0
configure:4921: result: yes
configure:4947: checking dlfcn.h usability
configure:4959: gcc -c -g -O2  conftest.c >&5
configure:4965: $? = 0
configure:4969: test -z 
			 || test ! -s conftest.err
configure:4972: $? = 0
configure:4975: test -s conftest.o
configure:4978: $? = 0
configure:4988: result: yes
configure:4992: checking dlfcn.h presence
configure:5002: gcc -E  conftest.c
configure:5008: $? = 0
configure:5028: result: yes
configure:5063: checking for dlfcn.h
configure:5070: result: yes
configure:5088: checking how to run the C++ preprocessor
configure:5119: g++ -E  conftest.cc
configure:5125: $? = 0
configure:5157: g++ -E  conftest.cc
conftest.cc:26:28: error: ac_nonexistent.h: No such file or directory
configure:5163: $? = 1
configure: failed program was:
| /* confdefs.h.  */
| 
| #define PACKAGE_NAME "puff"
| #define PACKAGE_TARNAME "puff-uaf"
| #define PACKAGE_VERSION "2.2.1"
| #define PACKAGE_STRING "puff 2.2.1"
| #define PACKAGE_BUGREPORT "rorik@gi.alaska.edu"
| #define BUILD_OS i686-pc-linux-gnu
| #define PACKAGE "puff-uaf"
| #define VERSION "2.2.1"
| #ifdef __cplusplus
| extern "C" void exit (int) throw ();
| #endif
| #define STDC_HEADERS 1
| #define HAVE_SYS_TYPES_H 1
| #define HAVE_SYS_STAT_H 1
| #define HAVE_STDLIB_H 1
| #define HAVE_STRING_H 1
| #define HAVE_MEMORY_H 1
| #define HAVE_STRINGS_H 1
| #define HAVE_INTTYPES_H 1
| #define HAVE_STDINT_H 1
| #define HAVE_UNISTD_H 1
| #define HAVE_DLFCN_H 1
| /* end confdefs.h.  */
| #include <ac_nonexistent.h>
configure:5202: result: g++ -E
configure:5226: g++ -E  conftest.cc
configure:5232: $? = 0
configure:5264: g++ -E  conftest.cc
conftest.cc:26:28: error: ac_nonexistent.h: No such file or directory
configure:5270: $? = 1
configure: failed program was:
| /* confdefs.h.  */
| 
| #define PACKAGE_NAME "puff"
| #define PACKAGE_TARNAME "puff-uaf"
| #define PACKAGE_VERSION "2.2.1"
| #define PACKAGE_STRING "puff 2.2.1"
| #define PACKAGE_BUGREPORT "rorik@gi.alaska.edu"
| #define BUILD_OS i686-pc-linux-gnu
| #define PACKAGE "puff-uaf"
| #define VERSION "2.2.1"
| #ifdef __cplusplus
| extern "C" void exit (int) throw ();
| #endif
| #define STDC_HEADERS 1
| #define HAVE_SYS_TYPES_H 1
| #define HAVE_SYS_STAT_H 1
| #define HAVE_STDLIB_H 1
| #define HAVE_STRING_H 1
| #define HAVE_MEMORY_H 1
| #define HAVE_STRINGS_H 1
| #define HAVE_INTTYPES_H 1
| #define HAVE_STDINT_H 1
| #define HAVE_UNISTD_H 1
| #define HAVE_DLFCN_H 1
| /* end confdefs.h.  */
| #include <ac_nonexistent.h>
configure:5365: checking for g77
configure:5394: result: no
configure:5365: checking for f77
configure:5394: result: no
configure:5365: checking for xlf
configure:5394: result: no
configure:5365: checking for frt
configure:5394: result: no
configure:5365: checking for pgf77
configure:5394: result: no
configure:5365: checking for fort77
configure:5394: result: no
configure:5365: checking for fl32
configure:5394: result: no
configure:5365: checking for af77
configure:5394: result: no
configure:5365: checking for f90
configure:5394: result: no
configure:5365: checking for xlf90
configure:5394: result: no
configure:5365: checking for pgf90
configure:5394: result: no
configure:5365: checking for epcf90
configure:5394: result: no
configure:5365: checking for f95
configure:5381: found /usr/bin/f95
configure:5391: result: f95
configure:5406: checking for Fortran 77 compiler version
configure:5409: f95 --version </dev/null >&5
GNU Fortran (GCC) 4.4.3 20100127 (Red Hat 4.4.3-4)
Copyright (C) 2010 Free Software Foundation, Inc.

GNU Fortran comes with NO WARRANTY, to the extent permitted by law.
You may redistribute copies of GNU Fortran
under the terms of the GNU General Public License.
For more information about these matters, see the file named COPYING

configure:5412: $? = 0
configure:5414: f95 -v </dev/null >&5
Using built-in specs.
Target: i686-redhat-linux
Configured with: ../configure --prefix=/usr --mandir=/usr/share/man --infodir=/usr/share/info --with-bugurl=http://bugzilla.redhat.com/bugzilla --enable-bootstrap --enable-shared --enable-threads=posix --enable-checking=release --with-system-zlib --enable-__cxa_atexit --disable-libunwind-exceptions --enable-gnu-unique-object --enable-languages=c,c++,objc,obj-c++,java,fortran,ada --enable-java-awt=gtk --disable-dssi --enable-plugin --with-java-home=/usr/lib/jvm/java-1.5.0-gcj-1.5.0.0/jre --enable-libgcj-multifile --enable-java-maintainer-mode --with-ecj-jar=/usr/share/java/eclipse-ecj.jar --disable-libjava-multilib --with-ppl --with-cloog --with-tune=generic --with-arch=i686 --build=i686-redhat-linux
Thread model: posix
gcc version 4.4.3 20100127 (Red Hat 4.4.3-4) (GCC) 
configure:5417: $? = 0
configure:5419: f95 -V </dev/null >&5
f95: '-V' option must have argument
configure:5422: $? = 1
configure:5430: checking whether we are using the GNU Fortran 77 compiler
configure:5444: f95 -c  conftest.F >&5
configure:5450: $? = 0
configure:5454: test -z 
			 || test ! -s conftest.err
configure:5457: $? = 0
configure:5460: test -s conftest.o
configure:5463: $? = 0
configure:5476: result: yes
configure:5482: checking whether f95 accepts -g
configure:5494: f95 -c -g conftest.f >&5
configure:5500: $? = 0
configure:5504: test -z 
			 || test ! -s conftest.err
configure:5507: $? = 0
configure:5510: test -s conftest.o
configure:5513: $? = 0
configure:5525: result: yes
configure:5555: checking the maximum length of command line arguments
configure:5620: result: 32768
configure:5631: checking command to parse /usr/bin/nm -B output from gcc object
configure:5720: gcc -c -g -O2  conftest.c >&5
configure:5723: $? = 0
configure:5727: /usr/bin/nm -B conftest.o \| sed -n -e 's/^.*[ 	]\([ABCDGIRSTW][ABCDGIRSTW]*\)[ 	][ 	]*\(\)\([_A-Za-z][_A-Za-z0-9]*\)$/\1 \2\3 \3/p' \> conftest.nm
configure:5730: $? = 0
configure:5782: gcc -o conftest -g -O2   conftest.c conftstm.o >&5
configure:5785: $? = 0
configure:5823: result: ok
configure:5827: checking for objdir
configure:5842: result: .libs
configure:5932: checking for ar
configure:5948: found /usr/bin/ar
configure:5959: result: ar
configure:6012: checking for ranlib
configure:6028: found /usr/bin/ranlib
configure:6039: result: ranlib
configure:6092: checking for strip
configure:6108: found /usr/bin/strip
configure:6119: result: strip
configure:6381: checking if gcc static flag  works
configure:6404: result: yes
configure:6422: checking if gcc supports -fno-rtti -fno-exceptions
configure:6440: gcc -c -g -O2  -fno-rtti -fno-exceptions conftest.c >&5
cc1: warning: command line option "-fno-rtti" is valid for C++/ObjC++ but not for C
configure:6444: $? = 0
configure:6455: result: no
configure:6470: checking for gcc option to produce PIC
configure:6647: result: -fPIC
configure:6655: checking if gcc PIC flag -fPIC works
configure:6673: gcc -c -g -O2  -fPIC -DPIC conftest.c >&5
configure:6677: $? = 0
configure:6688: result: yes
configure:6712: checking if gcc supports -c -o file.o
configure:6733: gcc -c -g -O2  -o out/conftest2.o conftest.c >&5
configure:6737: $? = 0
configure:6757: result: yes
configure:6783: checking whether the gcc linker (/usr/bin/ld) supports shared libraries
configure:7631: result: yes
configure:7657: checking whether -lc should be explicitly linked in
configure:7662: gcc -c -g -O2  conftest.c >&5
configure:7665: $? = 0
configure:7679: gcc -shared conftest.o  -v -Wl,-soname -Wl,conftest -o conftest 2\>\&1 \| grep  -lc  \>/dev/null 2\>\&1
configure:7682: $? = 0
configure:7694: result: no
configure:7702: checking dynamic linker characteristics
configure:8263: result: GNU/Linux ld.so
configure:8267: checking how to hardcode library paths into programs
configure:8292: result: immediate
configure:8306: checking whether stripping libraries is possible
configure:8311: result: yes
configure:9141: checking if libtool supports shared libraries
configure:9143: result: yes
configure:9146: checking whether to build shared libraries
configure:9204: result: yes
configure:9207: checking whether to build static libraries
configure:9211: result: yes
configure:9303: creating libtool
configure:9850: checking for ld used by g++
configure:9917: result: /usr/bin/ld
configure:9926: checking if the linker (/usr/bin/ld) is GNU ld
configure:9941: result: yes
configure:9992: checking whether the g++ linker (/usr/bin/ld) supports shared libraries
configure:10820: result: yes
configure:10838: g++ -c -g -O2  conftest.cc >&5
configure:10841: $? = 0
configure:10937: checking for g++ option to produce PIC
configure:11189: result: -fPIC
configure:11197: checking if g++ PIC flag -fPIC works
configure:11215: g++ -c -g -O2  -fPIC -DPIC conftest.cc >&5
configure:11219: $? = 0
configure:11230: result: yes
configure:11254: checking if g++ supports -c -o file.o
configure:11275: g++ -c -g -O2  -o out/conftest2.o conftest.cc >&5
configure:11279: $? = 0
configure:11299: result: yes
configure:11325: checking whether the g++ linker (/usr/bin/ld) supports shared libraries
configure:11350: result: yes
configure:11421: checking dynamic linker characteristics
configure:11982: result: GNU/Linux ld.so
configure:11986: checking how to hardcode library paths into programs
configure:12011: result: immediate
configure:12025: checking whether stripping libraries is possible
configure:12030: result: yes
configure:13337: checking if libtool supports shared libraries
configure:13339: result: yes
configure:13342: checking whether to build shared libraries
configure:13360: result: yes
configure:13363: checking whether to build static libraries
configure:13367: result: yes
configure:13379: checking for f95 option to produce PIC
configure:13556: result: -fPIC
configure:13564: checking if f95 PIC flag -fPIC works
configure:13582: f95 -c -g -O2 -fPIC conftest.f >&5
configure:13586: $? = 0
configure:13597: result: yes
configure:13621: checking if f95 supports -c -o file.o
configure:13642: f95 -c -g -O2 -o out/conftest2.o conftest.f >&5
configure:13646: $? = 0
configure:13666: result: yes
configure:13692: checking whether the f95 linker (/usr/bin/ld) supports shared libraries
configure:14520: result: yes
configure:14591: checking dynamic linker characteristics
configure:15152: result: GNU/Linux ld.so
configure:15156: checking how to hardcode library paths into programs
configure:15181: result: immediate
configure:15195: checking whether stripping libraries is possible
configure:15200: result: yes
configure:19310: checking whether to enable maintainer-specific portions of Makefiles
configure:19319: result: no
configure:19361: checking whether byte ordering is bigendian
configure:19388: gcc -c -g -O2  -I/usr/include/netcdf/ conftest.c >&5
configure:19394: $? = 0
configure:19398: test -z 
			 || test ! -s conftest.err
configure:19401: $? = 0
configure:19404: test -s conftest.o
configure:19407: $? = 0
configure:19431: gcc -c -g -O2  -I/usr/include/netcdf/ conftest.c >&5
conftest.c: In function 'main':
conftest.c:33: error: 'not' undeclared (first use in this function)
conftest.c:33: error: (Each undeclared identifier is reported only once
conftest.c:33: error: for each function it appears in.)
conftest.c:33: error: expected ';' before 'big'
configure:19437: $? = 1
configure: failed program was:
| /* confdefs.h.  */
| 
| #define PACKAGE_NAME "puff"
| #define PACKAGE_TARNAME "puff-uaf"
| #define PACKAGE_VERSION "2.2.1"
| #define PACKAGE_STRING "puff 2.2.1"
| #define PACKAGE_BUGREPORT "rorik@gi.alaska.edu"
| #define BUILD_OS i686-pc-linux-gnu
| #define PACKAGE "puff-uaf"
| #define VERSION "2.2.1"
| #ifdef __cplusplus
| extern "C" void exit (int) throw ();
| #endif
| #define STDC_HEADERS 1
| #define HAVE_SYS_TYPES_H 1
| #define HAVE_SYS_STAT_H 1
| #define HAVE_STDLIB_H 1
| #define HAVE_STRING_H 1
| #define HAVE_MEMORY_H 1
| #define HAVE_STRINGS_H 1
| #define HAVE_INTTYPES_H 1
| #define HAVE_STDINT_H 1
| #define HAVE_UNISTD_H 1
| #define HAVE_DLFCN_H 1
| /* end confdefs.h.  */
| #include <sys/types.h>
| #include <sys/param.h>
| 
| int
| main ()
| {
| #if BYTE_ORDER != BIG_ENDIAN
|  not big endian
| #endif
| 
|   ;
|   return 0;
| }
configure:19572: result: no
configure:19623: checking algorithm usability
configure:19635: g++ -c -g -O2  -I/usr/include/netcdf/ conftest.cc >&5
configure:19641: $? = 0
configure:19645: test -z 
			 || test ! -s conftest.err
configure:19648: $? = 0
configure:19651: test -s conftest.o
configure:19654: $? = 0
configure:19664: result: yes
configure:19668: checking algorithm presence
configure:19678: g++ -E  -I/usr/include/netcdf/ conftest.cc
configure:19684: $? = 0
configure:19704: result: yes
configure:19739: checking for algorithm
configure:19746: result: yes
configure:19623: checking cmath usability
configure:19635: g++ -c -g -O2  -I/usr/include/netcdf/ conftest.cc >&5
configure:19641: $? = 0
configure:19645: test -z 
			 || test ! -s conftest.err
configure:19648: $? = 0
configure:19651: test -s conftest.o
configure:19654: $? = 0
configure:19664: result: yes
configure:19668: checking cmath presence
configure:19678: g++ -E  -I/usr/include/netcdf/ conftest.cc
configure:19684: $? = 0
configure:19704: result: yes
configure:19739: checking for cmath
configure:19746: result: yes
configure:19623: checking cstdlib usability
configure:19635: g++ -c -g -O2  -I/usr/include/netcdf/ conftest.cc >&5
configure:19641: $? = 0
configure:19645: test -z 
			 || test ! -s conftest.err
configure:19648: $? = 0
configure:19651: test -s conftest.o
configure:19654: $? = 0
configure:19664: result: yes
configure:19668: checking cstdlib presence
configure:19678: g++ -E  -I/usr/include/netcdf/ conftest.cc
configure:19684: $? = 0
configure:19704: result: yes
configure:19739: checking for cstdlib
configure:19746: result: yes
configure:19623: checking ctime usability
configure:19635: g++ -c -g -O2  -I/usr/include/netcdf/ conftest.cc >&5
configure:19641: $? = 0
configure:19645: test -z 
			 || test ! -s conftest.err
configure:19648: $? = 0
configure:19651: test -s conftest.o
configure:19654: $? = 0
configure:19664: result: yes
configure:19668: checking ctime presence
configure:19678: g++ -E  -I/usr/include/netcdf/ conftest.cc
configure:19684: $? = 0
configure:19704: result: yes
configure:19739: checking for ctime
configure:19746: result: yes
configure:19623: checking fstream usability
configure:19635: g++ -c -g -O2  -I/usr/include/netcdf/ conftest.cc >&5
configure:19641: $? = 0
configure:19645: test -z 
			 || test ! -s conftest.err
configure:19648: $? = 0
configure:19651: test -s conftest.o
configure:19654: $? = 0
configure:19664: result: yes
configure:19668: checking fstream presence
configure:19678: g++ -E  -I/usr/include/netcdf/ conftest.cc
configure:19684: $? = 0
configure:19704: result: yes
configure:19739: checking for fstream
configure:19746: result: yes
configure:19623: checking list usability
configure:19635: g++ -c -g -O2  -I/usr/include/netcdf/ conftest.cc >&5
configure:19641: $? = 0
configure:19645: test -z 
			 || test ! -s conftest.err
configure:19648: $? = 0
configure:19651: test -s conftest.o
configure:19654: $? = 0
configure:19664: result: yes
configure:19668: checking list presence
configure:19678: g++ -E  -I/usr/include/netcdf/ conftest.cc
configure:19684: $? = 0
configure:19704: result: yes
configure:19739: checking for list
configure:19746: result: yes
configure:19623: checking iomanip usability
configure:19635: g++ -c -g -O2  -I/usr/include/netcdf/ conftest.cc >&5
configure:19641: $? = 0
configure:19645: test -z 
			 || test ! -s conftest.err
configure:19648: $? = 0
configure:19651: test -s conftest.o
configure:19654: $? = 0
configure:19664: result: yes
configure:19668: checking iomanip presence
configure:19678: g++ -E  -I/usr/include/netcdf/ conftest.cc
configure:19684: $? = 0
configure:19704: result: yes
configure:19739: checking for iomanip
configure:19746: result: yes
configure:19623: checking iostream usability
configure:19635: g++ -c -g -O2  -I/usr/include/netcdf/ conftest.cc >&5
configure:19641: $? = 0
configure:19645: test -z 
			 || test ! -s conftest.err
configure:19648: $? = 0
configure:19651: test -s conftest.o
configure:19654: $? = 0
configure:19664: result: yes
configure:19668: checking iostream presence
configure:19678: g++ -E  -I/usr/include/netcdf/ conftest.cc
configure:19684: $? = 0
configure:19704: result: yes
configure:19739: checking for iostream
configure:19746: result: yes
configure:19623: checking sstream usability
configure:19635: g++ -c -g -O2  -I/usr/include/netcdf/ conftest.cc >&5
configure:19641: $? = 0
configure:19645: test -z 
			 || test ! -s conftest.err
configure:19648: $? = 0
configure:19651: test -s conftest.o
configure:19654: $? = 0
configure:19664: result: yes
configure:19668: checking sstream presence
configure:19678: g++ -E  -I/usr/include/netcdf/ conftest.cc
configure:19684: $? = 0
configure:19704: result: yes
configure:19739: checking for sstream
configure:19746: result: yes
configure:19623: checking strstream usability
configure:19635: g++ -c -g -O2  -I/usr/include/netcdf/ conftest.cc >&5
In file included from /usr/lib/gcc/i686-redhat-linux/4.4.3/../../../../include/c++/4.4.3/backward/strstream:46,
                 from conftest.cc:69:
/usr/lib/gcc/i686-redhat-linux/4.4.3/../../../../include/c++/4.4.3/backward/backward_warning.h:28:2: warning: #warning This file includes at least one deprecated or antiquated header which may be removed without further notice at a future date. Please use a non-deprecated interface with equivalent functionality instead. For a listing of replacement headers and interfaces, consult the file backward_warning.h. To disable this warning use -Wno-deprecated.
configure:19641: $? = 0
configure:19645: test -z 
			 || test ! -s conftest.err
configure:19648: $? = 0
configure:19651: test -s conftest.o
configure:19654: $? = 0
configure:19664: result: yes
configure:19668: checking strstream presence
configure:19678: g++ -E  -I/usr/include/netcdf/ conftest.cc
In file included from /usr/lib/gcc/i686-redhat-linux/4.4.3/../../../../include/c++/4.4.3/backward/strstream:46,
                 from conftest.cc:35:
/usr/lib/gcc/i686-redhat-linux/4.4.3/../../../../include/c++/4.4.3/backward/backward_warning.h:28:2: warning: #warning This file includes at least one deprecated or antiquated header which may be removed without further notice at a future date. Please use a non-deprecated interface with equivalent functionality instead. For a listing of replacement headers and interfaces, consult the file backward_warning.h. To disable this warning use -Wno-deprecated.
configure:19684: $? = 0
configure:19704: result: yes
configure:19739: checking for strstream
configure:19746: result: yes
configure:19623: checking string usability
configure:19635: g++ -c -g -O2  -I/usr/include/netcdf/ conftest.cc >&5
configure:19641: $? = 0
configure:19645: test -z 
			 || test ! -s conftest.err
configure:19648: $? = 0
configure:19651: test -s conftest.o
configure:19654: $? = 0
configure:19664: result: yes
configure:19668: checking string presence
configure:19678: g++ -E  -I/usr/include/netcdf/ conftest.cc
configure:19684: $? = 0
configure:19704: result: yes
configure:19739: checking for string
configure:19746: result: yes
configure:19623: checking vector usability
configure:19635: g++ -c -g -O2  -I/usr/include/netcdf/ conftest.cc >&5
configure:19641: $? = 0
configure:19645: test -z 
			 || test ! -s conftest.err
configure:19648: $? = 0
configure:19651: test -s conftest.o
configure:19654: $? = 0
configure:19664: result: yes
configure:19668: checking vector presence
configure:19678: g++ -E  -I/usr/include/netcdf/ conftest.cc
configure:19684: $? = 0
configure:19704: result: yes
configure:19739: checking for vector
configure:19746: result: yes
configure:19777: checking cmapf.h usability
configure:19789: g++ -c -g -O2  -I/usr/include/netcdf/ conftest.cc >&5
conftest.cc:72:19: error: cmapf.h: No such file or directory
configure:19795: $? = 1
configure: failed program was:
| /* confdefs.h.  */
| 
| #define PACKAGE_NAME "puff"
| #define PACKAGE_TARNAME "puff-uaf"
| #define PACKAGE_VERSION "2.2.1"
| #define PACKAGE_STRING "puff 2.2.1"
| #define PACKAGE_BUGREPORT "rorik@gi.alaska.edu"
| #define BUILD_OS i686-pc-linux-gnu
| #define PACKAGE "puff-uaf"
| #define VERSION "2.2.1"
| #ifdef __cplusplus
| extern "C" void exit (int) throw ();
| #endif
| #define STDC_HEADERS 1
| #define HAVE_SYS_TYPES_H 1
| #define HAVE_SYS_STAT_H 1
| #define HAVE_STDLIB_H 1
| #define HAVE_STRING_H 1
| #define HAVE_MEMORY_H 1
| #define HAVE_STRINGS_H 1
| #define HAVE_INTTYPES_H 1
| #define HAVE_STDINT_H 1
| #define HAVE_UNISTD_H 1
| #define HAVE_DLFCN_H 1
| #define HAVE_ALGORITHM 1
| #define HAVE_CMATH 1
| #define HAVE_CSTDLIB 1
| #define HAVE_CTIME 1
| #define HAVE_FSTREAM 1
| #define HAVE_LIST 1
| #define HAVE_IOMANIP 1
| #define HAVE_IOSTREAM 1
| #define HAVE_SSTREAM 1
| #define HAVE_STRSTREAM 1
| #define HAVE_STRING 1
| #define HAVE_VECTOR 1
| /* end confdefs.h.  */
| #include <stdio.h>
| #if HAVE_SYS_TYPES_H
| # include <sys/types.h>
| #endif
| #if HAVE_SYS_STAT_H
| # include <sys/stat.h>
| #endif
| #if STDC_HEADERS
| # include <stdlib.h>
| # include <stddef.h>
| #else
| # if HAVE_STDLIB_H
| #  include <stdlib.h>
| # endif
| #endif
| #if HAVE_STRING_H
| # if !STDC_HEADERS && HAVE_MEMORY_H
| #  include <memory.h>
| # endif
| # include <string.h>
| #endif
| #if HAVE_STRINGS_H
| # include <strings.h>
| #endif
| #if HAVE_INTTYPES_H
| # include <inttypes.h>
| #else
| # if HAVE_STDINT_H
| #  include <stdint.h>
| # endif
| #endif
| #if HAVE_UNISTD_H
| # include <unistd.h>
| #endif
| #include <cmapf.h>
configure:19818: result: no
configure:19822: checking cmapf.h presence
configure:19832: g++ -E  -I/usr/include/netcdf/ conftest.cc
conftest.cc:38:19: error: cmapf.h: No such file or directory
configure:19838: $? = 1
configure: failed program was:
| /* confdefs.h.  */
| 
| #define PACKAGE_NAME "puff"
| #define PACKAGE_TARNAME "puff-uaf"
| #define PACKAGE_VERSION "2.2.1"
| #define PACKAGE_STRING "puff 2.2.1"
| #define PACKAGE_BUGREPORT "rorik@gi.alaska.edu"
| #define BUILD_OS i686-pc-linux-gnu
| #define PACKAGE "puff-uaf"
| #define VERSION "2.2.1"
| #ifdef __cplusplus
| extern "C" void exit (int) throw ();
| #endif
| #define STDC_HEADERS 1
| #define HAVE_SYS_TYPES_H 1
| #define HAVE_SYS_STAT_H 1
| #define HAVE_STDLIB_H 1
| #define HAVE_STRING_H 1
| #define HAVE_MEMORY_H 1
| #define HAVE_STRINGS_H 1
| #define HAVE_INTTYPES_H 1
| #define HAVE_STDINT_H 1
| #define HAVE_UNISTD_H 1
| #define HAVE_DLFCN_H 1
| #define HAVE_ALGORITHM 1
| #define HAVE_CMATH 1
| #define HAVE_CSTDLIB 1
| #define HAVE_CTIME 1
| #define HAVE_FSTREAM 1
| #define HAVE_LIST 1
| #define HAVE_IOMANIP 1
| #define HAVE_IOSTREAM 1
| #define HAVE_SSTREAM 1
| #define HAVE_STRSTREAM 1
| #define HAVE_STRING 1
| #define HAVE_VECTOR 1
| /* end confdefs.h.  */
| #include <cmapf.h>
configure:19858: result: no
configure:19893: checking for cmapf.h
configure:19900: result: no
configure:19777: checking dirent.h usability
configure:19789: g++ -c -g -O2  -I/usr/include/netcdf/ conftest.cc >&5
configure:19795: $? = 0
configure:19799: test -z 
			 || test ! -s conftest.err
configure:19802: $? = 0
configure:19805: test -s conftest.o
configure:19808: $? = 0
configure:19818: result: yes
configure:19822: checking dirent.h presence
configure:19832: g++ -E  -I/usr/include/netcdf/ conftest.cc
configure:19838: $? = 0
configure:19858: result: yes
configure:19893: checking for dirent.h
configure:19900: result: yes
configure:19777: checking getopt.h usability
configure:19789: g++ -c -g -O2  -I/usr/include/netcdf/ conftest.cc >&5
configure:19795: $? = 0
configure:19799: test -z 
			 || test ! -s conftest.err
configure:19802: $? = 0
configure:19805: test -s conftest.o
configure:19808: $? = 0
configure:19818: result: yes
configure:19822: checking getopt.h presence
configure:19832: g++ -E  -I/usr/include/netcdf/ conftest.cc
configure:19838: $? = 0
configure:19858: result: yes
configure:19893: checking for getopt.h
configure:19900: result: yes
configure:19768: checking for sys/types.h
configure:19773: result: yes
configure:19768: checking for sys/stat.h
configure:19773: result: yes
configure:19922: checking for atoi
configure:19979: g++ -o conftest -g -O2  -I/usr/include/netcdf/  -L/usr/local/lib  conftest.cc  >&5
configure:19985: $? = 0
configure:19989: test -z 
			 || test ! -s conftest.err
configure:19992: $? = 0
configure:19995: test -s conftest
configure:19998: $? = 0
configure:20010: result: yes
configure:19922: checking for cbrt
configure:19979: g++ -o conftest -g -O2  -I/usr/include/netcdf/  -L/usr/local/lib  conftest.cc  >&5
configure:19985: $? = 0
configure:19989: test -z 
			 || test ! -s conftest.err
configure:19992: $? = 0
configure:19995: test -s conftest
configure:19998: $? = 0
configure:20010: result: yes
configure:19922: checking for exp10
configure:19979: g++ -o conftest -g -O2  -I/usr/include/netcdf/  -L/usr/local/lib  conftest.cc  >&5
configure:19985: $? = 0
configure:19989: test -z 
			 || test ! -s conftest.err
configure:19992: $? = 0
configure:19995: test -s conftest
configure:19998: $? = 0
configure:20010: result: yes
configure:19922: checking for sscanf
configure:19979: g++ -o conftest -g -O2  -I/usr/include/netcdf/  -L/usr/local/lib  conftest.cc  >&5
configure:19985: $? = 0
configure:19989: test -z 
			 || test ! -s conftest.err
configure:19992: $? = 0
configure:19995: test -s conftest
configure:19998: $? = 0
configure:20010: result: yes
configure:19922: checking for printf
configure:19979: g++ -o conftest -g -O2  -I/usr/include/netcdf/  -L/usr/local/lib  conftest.cc  >&5
configure:19985: $? = 0
configure:19989: test -z 
			 || test ! -s conftest.err
configure:19992: $? = 0
configure:19995: test -s conftest
configure:19998: $? = 0
configure:20010: result: yes
configure:20026: checking for toupper
configure:20083: g++ -o conftest -g -O2  -I/usr/include/netcdf/  -L/usr/local/lib  conftest.cc  >&5
configure:20089: $? = 0
configure:20093: test -z 
			 || test ! -s conftest.err
configure:20096: $? = 0
configure:20099: test -s conftest
configure:20102: $? = 0
configure:20114: result: yes
configure:20026: checking for setenv
configure:20083: g++ -o conftest -g -O2  -I/usr/include/netcdf/  -L/usr/local/lib  conftest.cc  >&5
configure:20089: $? = 0
configure:20093: test -z 
			 || test ! -s conftest.err
configure:20096: $? = 0
configure:20099: test -s conftest
configure:20102: $? = 0
configure:20114: result: yes
configure:20026: checking for putenv
configure:20083: g++ -o conftest -g -O2  -I/usr/include/netcdf/  -L/usr/local/lib  conftest.cc  >&5
configure:20089: $? = 0
configure:20093: test -z 
			 || test ! -s conftest.err
configure:20096: $? = 0
configure:20099: test -s conftest
configure:20102: $? = 0
configure:20114: result: yes
configure:20126: checking for socket in -lsocket
configure:20156: g++ -o conftest -g -O2  -I/usr/include/netcdf/  -L/usr/local/lib  conftest.cc -lsocket   >&5
/usr/bin/ld: cannot find -lsocket
collect2: ld returned 1 exit status
configure:20162: $? = 1
configure: failed program was:
| /* confdefs.h.  */
| 
| #define PACKAGE_NAME "puff"
| #define PACKAGE_TARNAME "puff-uaf"
| #define PACKAGE_VERSION "2.2.1"
| #define PACKAGE_STRING "puff 2.2.1"
| #define PACKAGE_BUGREPORT "rorik@gi.alaska.edu"
| #define BUILD_OS i686-pc-linux-gnu
| #define PACKAGE "puff-uaf"
| #define VERSION "2.2.1"
| #ifdef __cplusplus
| extern "C" void exit (int) throw ();
| #endif
| #define STDC_HEADERS 1
| #define HAVE_SYS_TYPES_H 1
| #define HAVE_SYS_STAT_H 1
| #define HAVE_STDLIB_H 1
| #define HAVE_STRING_H 1
| #define HAVE_MEMORY_H 1
| #define HAVE_STRINGS_H 1
| #define HAVE_INTTYPES_H 1
| #define HAVE_STDINT_H 1
| #define HAVE_UNISTD_H 1
| #define HAVE_DLFCN_H 1
| #define HAVE_ALGORITHM 1
| #define HAVE_CMATH 1
| #define HAVE_CSTDLIB 1
| #define HAVE_CTIME 1
| #define HAVE_FSTREAM 1
| #define HAVE_LIST 1
| #define HAVE_IOMANIP 1
| #define HAVE_IOSTREAM 1
| #define HAVE_SSTREAM 1
| #define HAVE_STRSTREAM 1
| #define HAVE_STRING 1
| #define HAVE_VECTOR 1
| #define HAVE_DIRENT_H 1
| #define HAVE_GETOPT_H 1
| #define HAVE_SYS_TYPES_H 1
| #define HAVE_SYS_STAT_H 1
| #define HAVE_ATOI 1
| #define HAVE_CBRT 1
| #define HAVE_EXP10 1
| #define HAVE_SSCANF 1
| #define HAVE_PRINTF 1
| #define HAVE_TOUPPER 1
| #define HAVE_SETENV 1
| #define HAVE_PUTENV 1
| /* end confdefs.h.  */
| 
| /* Override any gcc2 internal prototype to avoid an error.  */
| #ifdef __cplusplus
| extern "C"
| #endif
| /* We use char because int might match the return type of a gcc2
|    builtin and then its argument prototype would still apply.  */
| char socket ();
| int
| main ()
| {
| socket ();
|   ;
|   return 0;
| }
configure:20188: result: no
configure:20200: checking for stlmbr in -ldmapf
configure:20230: g++ -o conftest -g -O2  -I/usr/include/netcdf/  -L/usr/local/lib  conftest.cc -ldmapf   >&5
/usr/bin/ld: cannot find -ldmapf
collect2: ld returned 1 exit status
configure:20236: $? = 1
configure: failed program was:
| /* confdefs.h.  */
| 
| #define PACKAGE_NAME "puff"
| #define PACKAGE_TARNAME "puff-uaf"
| #define PACKAGE_VERSION "2.2.1"
| #define PACKAGE_STRING "puff 2.2.1"
| #define PACKAGE_BUGREPORT "rorik@gi.alaska.edu"
| #define BUILD_OS i686-pc-linux-gnu
| #define PACKAGE "puff-uaf"
| #define VERSION "2.2.1"
| #ifdef __cplusplus
| extern "C" void exit (int) throw ();
| #endif
| #define STDC_HEADERS 1
| #define HAVE_SYS_TYPES_H 1
| #define HAVE_SYS_STAT_H 1
| #define HAVE_STDLIB_H 1
| #define HAVE_STRING_H 1
| #define HAVE_MEMORY_H 1
| #define HAVE_STRINGS_H 1
| #define HAVE_INTTYPES_H 1
| #define HAVE_STDINT_H 1
| #define HAVE_UNISTD_H 1
| #define HAVE_DLFCN_H 1
| #define HAVE_ALGORITHM 1
| #define HAVE_CMATH 1
| #define HAVE_CSTDLIB 1
| #define HAVE_CTIME 1
| #define HAVE_FSTREAM 1
| #define HAVE_LIST 1
| #define HAVE_IOMANIP 1
| #define HAVE_IOSTREAM 1
| #define HAVE_SSTREAM 1
| #define HAVE_STRSTREAM 1
| #define HAVE_STRING 1
| #define HAVE_VECTOR 1
| #define HAVE_DIRENT_H 1
| #define HAVE_GETOPT_H 1
| #define HAVE_SYS_TYPES_H 1
| #define HAVE_SYS_STAT_H 1
| #define HAVE_ATOI 1
| #define HAVE_CBRT 1
| #define HAVE_EXP10 1
| #define HAVE_SSCANF 1
| #define HAVE_PRINTF 1
| #define HAVE_TOUPPER 1
| #define HAVE_SETENV 1
| #define HAVE_PUTENV 1
| /* end confdefs.h.  */
| 
| /* Override any gcc2 internal prototype to avoid an error.  */
| #ifdef __cplusplus
| extern "C"
| #endif
| /* We use char because int might match the return type of a gcc2
|    builtin and then its argument prototype would still apply.  */
| char stlmbr ();
| int
| main ()
| {
| stlmbr ();
|   ;
|   return 0;
| }
configure:20262: result: no
configure:20274: checking for stlmbr in -ldmapf
configure:20336: result: no
configure:20361: checking for crypt in -lcrypt
configure:20391: g++ -o conftest -g -O2  -I/usr/include/netcdf/  -L/usr/local/lib  conftest.cc -lcrypt   >&5
configure:20397: $? = 0
configure:20401: test -z 
			 || test ! -s conftest.err
configure:20404: $? = 0
configure:20407: test -s conftest
configure:20410: $? = 0
configure:20423: result: yes
configure:20445: checking for cmapf.h
configure:20450: result: no
configure:20454: checking jpeglib.h usability
configure:20466: g++ -c -g -O2  -I/usr/include/netcdf/ conftest.cc >&5
configure:20472: $? = 0
configure:20476: test -z 
			 || test ! -s conftest.err
configure:20479: $? = 0
configure:20482: test -s conftest.o
configure:20485: $? = 0
configure:20495: result: yes
configure:20499: checking jpeglib.h presence
configure:20509: g++ -E  -I/usr/include/netcdf/ conftest.cc
configure:20515: $? = 0
configure:20535: result: yes
configure:20570: checking for jpeglib.h
configure:20577: result: yes
configure:20445: checking for unistd.h
configure:20450: result: yes
configure:20454: checking libgen.h usability
configure:20466: g++ -c -g -O2  -I/usr/include/netcdf/ conftest.cc >&5
configure:20472: $? = 0
configure:20476: test -z 
			 || test ! -s conftest.err
configure:20479: $? = 0
configure:20482: test -s conftest.o
configure:20485: $? = 0
configure:20495: result: yes
configure:20499: checking libgen.h presence
configure:20509: g++ -E  -I/usr/include/netcdf/ conftest.cc
configure:20515: $? = 0
configure:20535: result: yes
configure:20570: checking for libgen.h
configure:20577: result: yes
configure:20591: checking for sin in -lm
configure:20621: g++ -o conftest -g -O2  -I/usr/include/netcdf/  -L/usr/local/lib  conftest.cc -lm  -lcrypt  >&5
configure:20627: $? = 0
configure:20631: test -z 
			 || test ! -s conftest.err
configure:20634: $? = 0
configure:20637: test -s conftest
configure:20640: $? = 0
configure:20653: result: yes
configure:20665: checking for jpeg_std_error in -ljpeg
configure:20695: g++ -o conftest -g -O2  -I/usr/include/netcdf/  -L/usr/local/lib  conftest.cc -ljpeg  -lm -lcrypt  >&5
configure:20701: $? = 0
configure:20705: test -z 
			 || test ! -s conftest.err
configure:20708: $? = 0
configure:20711: test -s conftest
configure:20714: $? = 0
configure:20727: result: yes
configure:20759: checking for basename
configure:20816: g++ -o conftest -g -O2  -I/usr/include/netcdf/  -L/usr/local/lib  conftest.cc -ljpeg -lm -lcrypt  >&5
configure:20822: $? = 0
configure:20826: test -z 
			 || test ! -s conftest.err
configure:20829: $? = 0
configure:20832: test -s conftest
configure:20835: $? = 0
configure:20847: result: yes
configure:20759: checking for ceil
configure:20816: g++ -o conftest -g -O2  -I/usr/include/netcdf/  -L/usr/local/lib  conftest.cc -ljpeg -lm -lcrypt  >&5
configure:20822: $? = 0
configure:20826: test -z 
			 || test ! -s conftest.err
configure:20829: $? = 0
configure:20832: test -s conftest
configure:20835: $? = 0
configure:20847: result: yes
configure:20759: checking for ceilf
configure:20816: g++ -o conftest -g -O2  -I/usr/include/netcdf/  -L/usr/local/lib  conftest.cc -ljpeg -lm -lcrypt  >&5
configure:20822: $? = 0
configure:20826: test -z 
			 || test ! -s conftest.err
configure:20829: $? = 0
configure:20832: test -s conftest
configure:20835: $? = 0
configure:20847: result: yes
configure:20759: checking for floor
configure:20816: g++ -o conftest -g -O2  -I/usr/include/netcdf/  -L/usr/local/lib  conftest.cc -ljpeg -lm -lcrypt  >&5
configure:20822: $? = 0
configure:20826: test -z 
			 || test ! -s conftest.err
configure:20829: $? = 0
configure:20832: test -s conftest
configure:20835: $? = 0
configure:20847: result: yes
configure:20759: checking for floorf
configure:20816: g++ -o conftest -g -O2  -I/usr/include/netcdf/  -L/usr/local/lib  conftest.cc -ljpeg -lm -lcrypt  >&5
configure:20822: $? = 0
configure:20826: test -z 
			 || test ! -s conftest.err
configure:20829: $? = 0
configure:20832: test -s conftest
configure:20835: $? = 0
configure:20847: result: yes
configure:20759: checking for logf
configure:20816: g++ -o conftest -g -O2  -I/usr/include/netcdf/  -L/usr/local/lib  conftest.cc -ljpeg -lm -lcrypt  >&5
configure:20822: $? = 0
configure:20826: test -z 
			 || test ! -s conftest.err
configure:20829: $? = 0
configure:20832: test -s conftest
configure:20835: $? = 0
configure:20847: result: yes
configure:20759: checking for mkstemp
configure:20816: g++ -o conftest -g -O2  -I/usr/include/netcdf/  -L/usr/local/lib  conftest.cc -ljpeg -lm -lcrypt  >&5
configure:20822: $? = 0
configure:20826: test -z 
			 || test ! -s conftest.err
configure:20829: $? = 0
configure:20832: test -s conftest
configure:20835: $? = 0
configure:20847: result: yes
configure:20759: checking for tmpnam
configure:20816: g++ -o conftest -g -O2  -I/usr/include/netcdf/  -L/usr/local/lib  conftest.cc -ljpeg -lm -lcrypt  >&5
/tmp/ccvKEjge.o: In function `main':
/home/josh/Puff-UAF/source/conftest.cc:102: warning: the use of `tmpnam' is dangerous, better use `mkstemp'
configure:20822: $? = 0
configure:20826: test -z 
			 || test ! -s conftest.err
configure:20829: $? = 0
configure:20832: test -s conftest
configure:20835: $? = 0
configure:20847: result: yes
configure:20914: checking netcdf.h usability
configure:20926: g++ -c -g -O2  -I/usr/include/netcdf/ conftest.cc >&5
configure:20932: $? = 0
configure:20936: test -z 
			 || test ! -s conftest.err
configure:20939: $? = 0
configure:20942: test -s conftest.o
configure:20945: $? = 0
configure:20955: result: yes
configure:20959: checking netcdf.h presence
configure:20969: g++ -E  -I/usr/include/netcdf/ conftest.cc
configure:20975: $? = 0
configure:20995: result: yes
configure:21030: checking for netcdf.h
configure:21037: result: yes
configure:20914: checking netcdfcpp.h usability
configure:20926: g++ -c -g -O2  -I/usr/include/netcdf/ conftest.cc >&5
configure:20932: $? = 0
configure:20936: test -z 
			 || test ! -s conftest.err
configure:20939: $? = 0
configure:20942: test -s conftest.o
configure:20945: $? = 0
configure:20955: result: yes
configure:20959: checking netcdfcpp.h presence
configure:20969: g++ -E  -I/usr/include/netcdf/ conftest.cc
configure:20975: $? = 0
configure:20995: result: yes
configure:21030: checking for netcdfcpp.h
configure:21037: result: yes
configure:21051: checking for ncopen in -lnetcdf
configure:21081: g++ -o conftest -g -O2  -I/usr/include/netcdf/  -L/usr/local/lib  conftest.cc -lnetcdf  -ljpeg -lm -lcrypt  >&5
configure:21087: $? = 0
configure:21091: test -z 
			 || test ! -s conftest.err
configure:21094: $? = 0
configure:21097: test -s conftest
configure:21100: $? = 0
configure:21113: result: yes
configure:21125: checking for ncopen in -lnetcdf
configure:21187: result: yes
configure:21201: checking for NcFile in libnetcdf_c++
configure:21221: g++ -c -g -O2  -I/usr/include/netcdf/ conftest.cc >&5
configure:21227: $? = 0
configure:21231: test -z 
			 || test ! -s conftest.err
configure:21234: $? = 0
configure:21237: test -s conftest.o
configure:21240: $? = 0
configure:21282: checking for tdelete
configure:21339: g++ -o conftest -g -O2  -I/usr/include/netcdf/  -L/usr/local/lib  conftest.cc -lnetcdf -lnetcdf -ljpeg -lm -lcrypt  >&5
configure:21345: $? = 0
configure:21349: test -z 
			 || test ! -s conftest.err
configure:21352: $? = 0
configure:21355: test -s conftest
configure:21358: $? = 0
configure:21370: result: yes
configure:21454: checking for utInit in -ludunits
configure:21484: g++ -o conftest -g -O2  -I/usr/include/netcdf/  -L/usr/local/lib  conftest.cc -ludunits  -lnetcdf -lnetcdf -ljpeg -lm -lcrypt  >&5
configure:21490: $? = 0
configure:21494: test -z 
			 || test ! -s conftest.err
configure:21497: $? = 0
configure:21500: test -s conftest
configure:21503: $? = 0
configure:21516: result: yes
configure:21530: checking for /usr/include/netcdf//../etc/udunits.dat
configure:21545: result: no
configure:21569: checking udunits.h usability
configure:21581: g++ -c -g -O2  -I/usr/include/netcdf/ conftest.cc >&5
configure:21587: $? = 0
configure:21591: test -z 
			 || test ! -s conftest.err
configure:21594: $? = 0
configure:21597: test -s conftest.o
configure:21600: $? = 0
configure:21610: result: yes
configure:21614: checking udunits.h presence
configure:21624: g++ -E  -I/usr/include/netcdf/ conftest.cc
configure:21630: $? = 0
configure:21650: result: yes
configure:21685: checking for udunits.h
configure:21692: result: yes
configure:21722: checking for wget
configure:21740: found /usr/bin/wget
configure:21752: result: /usr/bin/wget
configure:21763: checking for perl
configure:21781: found /usr/bin/perl
configure:21793: result: /usr/bin/perl
configure:21814: checking for convert
configure:21832: found /usr/bin/convert
configure:21844: result: /usr/bin/convert
configure:21855: checking for gmtset
configure:21873: found /usr/bin/gmtset
configure:21885: result: /usr/bin/gmtset
configure:21896: checking for pscoast
configure:21914: found /usr/bin/pscoast
configure:21926: result: /usr/bin/pscoast
configure:21937: checking for psbasemap
configure:21955: found /usr/bin/psbasemap
configure:21967: result: /usr/bin/psbasemap
configure:21978: checking for psxy
configure:21996: found /usr/bin/psxy
configure:22008: result: /usr/bin/psxy
configure:22019: checking for pstext
configure:22037: found /usr/bin/pstext
configure:22049: result: /usr/bin/pstext
configure:22060: checking for pscontour
configure:22078: found /usr/bin/pscontour
configure:22090: result: /usr/bin/pscontour
configure:22101: checking for makecpt
configure:22119: found /usr/bin/makecpt
configure:22131: result: /usr/bin/makecpt
configure:22141: checking for gifsicle
configure:22159: found /usr/bin/gifsicle
configure:22171: result: /usr/bin/gifsicle
configure:22182: checking for ncks
configure:22200: found /usr/bin/ncks
configure:22212: result: /usr/bin/ncks
configure:22221: checking for ncap
configure:22239: found /usr/bin/ncap
configure:22251: result: /usr/bin/ncap
configure:22260: checking for ncatted
configure:22278: found /usr/bin/ncatted
configure:22290: result: /usr/bin/ncatted
configure:22300: checking for gs
configure:22318: found /usr/bin/gs
configure:22330: result: /usr/bin/gs
configure:22372: checking for getopt
configure:22429: g++ -o conftest -g -O2  -I/usr/include/netcdf/  -L/usr/local/lib  conftest.cc -ludunits -lnetcdf -lnetcdf -ljpeg -lm -lcrypt  >&5
configure:22435: $? = 0
configure:22439: test -z 
			 || test ! -s conftest.err
configure:22442: $? = 0
configure:22445: test -s conftest
configure:22448: $? = 0
configure:22460: result: yes
configure:22372: checking for getopt_long
configure:22429: g++ -o conftest -g -O2  -I/usr/include/netcdf/  -L/usr/local/lib  conftest.cc -ludunits -lnetcdf -lnetcdf -ljpeg -lm -lcrypt  >&5
configure:22435: $? = 0
configure:22439: test -z 
			 || test ! -s conftest.err
configure:22442: $? = 0
configure:22445: test -s conftest
configure:22448: $? = 0
configure:22460: result: yes
configure:22470: checking for getopt_long
configure:22558: result: yes
configure:22592: checking for FT_Init_FreeType in -lfreetype
configure:22622: gcc -o conftest -g -O2  -I/usr/include/netcdf/  -L/usr/local/lib  conftest.c -lfreetype  -ludunits -lnetcdf -lnetcdf -ljpeg -lm -lcrypt  >&5
configure:22628: $? = 0
configure:22632: test -z 
			 || test ! -s conftest.err
configure:22635: $? = 0
configure:22638: test -s conftest
configure:22641: $? = 0
configure:22654: result: yes
configure:22953: creating ./config.status

## ---------------------- ##
## Running config.status. ##
## ---------------------- ##

This file was extended by puff config.status 2.2.1, which was
generated by GNU Autoconf 2.59.  Invocation command line was

  CONFIG_FILES    = 
  CONFIG_HEADERS  = 
  CONFIG_LINKS    = 
  CONFIG_COMMANDS = 
  $ ./config.status 

on eevee

config.status:773: creating src/perl/ashdump.pl
config.status:773: creating src/perl/grib2pf
config.status:773: creating src/perl/ashgmt
config.status:773: creating src/perl/rereference.pl
config.status:773: creating test/test00.sh
config.status:773: creating test/test00b.sh
config.status:773: creating Makefile
config.status:773: creating src/Makefile
config.status:773: creating src/libsrc/Makefile
config.status:773: creating test/Makefile
config.status:773: creating src/perl/Makefile
config.status:773: creating web/Makefile
config.status:773: creating web/mini_httpd/Makefile
config.status:773: creating src/libsrc/dmapf-c/Makefile
config.status:773: creating src/ashxp/Makefile
config.status:773: creating src/ashxp/jpeg-6b/Makefile
config.status:773: creating web/ashxpOptions.pl
config.status:773: creating web/runParams.pl
config.status:773: creating web/main.pl
config.status:773: creating web/login.pl
config.status:773: creating web/logout.pl
config.status:773: creating web/webpuff
config.status:773: creating web/Webpuff.pm
config.status:773: creating man/Makefile
config.status:892: creating config.h
config.status:1300: executing depfiles commands

## ---------------- ##
## Cache variables. ##
## ---------------- ##

ac_cv_build=i686-pc-linux-gnu
ac_cv_build_alias=i686-pc-linux-gnu
ac_cv_c_bigendian=no
ac_cv_c_compiler_gnu=yes
ac_cv_cxx_compiler_gnu=yes
ac_cv_env_CC_set=
ac_cv_env_CC_value=
ac_cv_env_CFLAGS_set=
ac_cv_env_CFLAGS_value=
ac_cv_env_CONVERT_set=
ac_cv_env_CONVERT_value=
ac_cv_env_CPPFLAGS_set=
ac_cv_env_CPPFLAGS_value=
ac_cv_env_CPP_set=
ac_cv_env_CPP_value=
ac_cv_env_CXXCPP_set=
ac_cv_env_CXXCPP_value=
ac_cv_env_CXXFLAGS_set=
ac_cv_env_CXXFLAGS_value=
ac_cv_env_CXX_set=
ac_cv_env_CXX_value=
ac_cv_env_F77_set=
ac_cv_env_F77_value=
ac_cv_env_FFLAGS_set=
ac_cv_env_FFLAGS_value=
ac_cv_env_GIFSICLE_set=
ac_cv_env_GIFSICLE_value=
ac_cv_env_LDFLAGS_set=
ac_cv_env_LDFLAGS_value=
ac_cv_env_NETCDF_INC_set=set
ac_cv_env_NETCDF_INC_value=/usr/include/netcdf/
ac_cv_env_NETCDF_LIB_set=
ac_cv_env_NETCDF_LIB_value=
ac_cv_env_PERL_set=
ac_cv_env_PERL_value=
ac_cv_env_WGET_set=
ac_cv_env_WGET_value=
ac_cv_env_build_alias_set=
ac_cv_env_build_alias_value=
ac_cv_env_host_alias_set=
ac_cv_env_host_alias_value=
ac_cv_env_target_alias_set=
ac_cv_env_target_alias_value=
ac_cv_exeext=
ac_cv_f77_compiler_gnu=yes
ac_cv_file__usr_include_netcdf_____etc_udunits_dat=no
ac_cv_func_atoi=yes
ac_cv_func_basename=yes
ac_cv_func_cbrt=yes
ac_cv_func_ceil=yes
ac_cv_func_ceilf=yes
ac_cv_func_exp10=yes
ac_cv_func_floor=yes
ac_cv_func_floorf=yes
ac_cv_func_getopt=yes
ac_cv_func_getopt_long=yes
ac_cv_func_logf=yes
ac_cv_func_mkstemp=yes
ac_cv_func_printf=yes
ac_cv_func_putenv=yes
ac_cv_func_setenv=yes
ac_cv_func_sscanf=yes
ac_cv_func_tdelete=yes
ac_cv_func_tmpnam=yes
ac_cv_func_toupper=yes
ac_cv_header_algorithm=yes
ac_cv_header_cmapf_h=no
ac_cv_header_cmath=yes
ac_cv_header_cstdlib=yes
ac_cv_header_ctime=yes
ac_cv_header_dirent_h=yes
ac_cv_header_dlfcn_h=yes
ac_cv_header_fstream=yes
ac_cv_header_getopt_h=yes
ac_cv_header_inttypes_h=yes
ac_cv_header_iomanip=yes
ac_cv_header_iostream=yes
ac_cv_header_jpeglib_h=yes
ac_cv_header_libgen_h=yes
ac_cv_header_list=yes
ac_cv_header_memory_h=yes
ac_cv_header_netcdf_h=yes
ac_cv_header_netcdfcpp_h=yes
ac_cv_header_sstream=yes
ac_cv_header_stdc=yes
ac_cv_header_stdint_h=yes
ac_cv_header_stdlib_h=yes
ac_cv_header_string=yes
ac_cv_header_string_h=yes
ac_cv_header_strings_h=yes
ac_cv_header_strstream=yes
ac_cv_header_sys_stat_h=yes
ac_cv_header_sys_types_h=yes
ac_cv_header_udunits_h=yes
ac_cv_header_unistd_h=yes
ac_cv_header_vector=yes
ac_cv_host=i686-pc-linux-gnu
ac_cv_host_alias=i686-pc-linux-gnu
ac_cv_lib_crypt_crypt=yes
ac_cv_lib_dmapf_stlmbr=no
ac_cv_lib_freetype_FT_Init_FreeType=yes
ac_cv_lib_jpeg_jpeg_std_error=yes
ac_cv_lib_m_sin=yes
ac_cv_lib_netcdf_ncopen=yes
ac_cv_lib_socket_socket=no
ac_cv_lib_udunits_utInit=yes
ac_cv_objext=o
ac_cv_path_CONVERT=/usr/bin/convert
ac_cv_path_GHOSTSCRIPT=/usr/bin/gs
ac_cv_path_GIFSICLE=/usr/bin/gifsicle
ac_cv_path_GMTSET=/usr/bin/gmtset
ac_cv_path_MAKECPT=/usr/bin/makecpt
ac_cv_path_NCAP=/usr/bin/ncap
ac_cv_path_NCATTED=/usr/bin/ncatted
ac_cv_path_NCKS=/usr/bin/ncks
ac_cv_path_PERL=/usr/bin/perl
ac_cv_path_PSBASEMAP=/usr/bin/psbasemap
ac_cv_path_PSCOAST=/usr/bin/pscoast
ac_cv_path_PSCONTOUR=/usr/bin/pscontour
ac_cv_path_PSTEXT=/usr/bin/pstext
ac_cv_path_PSXY=/usr/bin/psxy
ac_cv_path_WGET=/usr/bin/wget
ac_cv_path_install='/usr/bin/install -c'
ac_cv_prog_AWK=gawk
ac_cv_prog_CPP='gcc -E'
ac_cv_prog_CXXCPP='g++ -E'
ac_cv_prog_ac_ct_AR=ar
ac_cv_prog_ac_ct_CC=gcc
ac_cv_prog_ac_ct_CXX=g++
ac_cv_prog_ac_ct_F77=f95
ac_cv_prog_ac_ct_RANLIB=ranlib
ac_cv_prog_ac_ct_STRIP=strip
ac_cv_prog_cc_g=yes
ac_cv_prog_cc_stdc=
ac_cv_prog_cxx_g=yes
ac_cv_prog_egrep='grep -E'
ac_cv_prog_f77_g=yes
ac_cv_prog_make_make_set=yes
ac_cv_target=i686-pc-linux-gnu
ac_cv_target_alias=i686-pc-linux-gnu
am_cv_CC_dependencies_compiler_type=gcc3
am_cv_CXX_dependencies_compiler_type=gcc3
lt_cv_deplibs_check_method=pass_all
lt_cv_file_magic_cmd='$MAGIC_CMD'
lt_cv_file_magic_test_file='/lib/libc.so.6 /lib/libc-2.11.1.so'
lt_cv_ld_reload_flag=-r
lt_cv_objdir=.libs
lt_cv_path_LD=/usr/bin/ld
lt_cv_path_LDCXX=/usr/bin/ld
lt_cv_path_NM='/usr/bin/nm -B'
lt_cv_path_SED=/bin/sed
lt_cv_prog_compiler_c_o=yes
lt_cv_prog_compiler_c_o_CXX=yes
lt_cv_prog_compiler_c_o_F77=yes
lt_cv_prog_compiler_rtti_exceptions=no
lt_cv_prog_gnu_ld=yes
lt_cv_prog_gnu_ldcxx=yes
lt_cv_sys_global_symbol_pipe='sed -n -e '\''s/^.*[ 	]\([ABCDGIRSTW][ABCDGIRSTW]*\)[ 	][ 	]*\(\)\([_A-Za-z][_A-Za-z0-9]*\)$/\1 \2\3 \3/p'\'''
lt_cv_sys_global_symbol_to_c_name_address='sed -n -e '\''s/^: \([^ ]*\) $/  {\"\1\", (lt_ptr) 0},/p'\'' -e '\''s/^[BCDEGRST] \([^ ]*\) \([^ ]*\)$/  {"\2", (lt_ptr) \&\2},/p'\'''
lt_cv_sys_global_symbol_to_cdecl='sed -n -e '\''s/^. .* \(.*\)$/extern int \1;/p'\'''
lt_cv_sys_max_cmd_len=32768
lt_lt_cv_prog_compiler_c_o='"yes"'
lt_lt_cv_prog_compiler_c_o_CXX='"yes"'
lt_lt_cv_prog_compiler_c_o_F77='"yes"'
lt_lt_cv_sys_global_symbol_pipe='"sed -n -e '\''s/^.*[ 	]\\([ABCDGIRSTW][ABCDGIRSTW]*\\)[ 	][ 	]*\\(\\)\\([_A-Za-z][_A-Za-z0-9]*\\)\$/\\1 \\2\\3 \\3/p'\''"'
lt_lt_cv_sys_global_symbol_to_c_name_address='"sed -n -e '\''s/^: \\([^ ]*\\) \$/  {\\\"\\1\\\", (lt_ptr) 0},/p'\'' -e '\''s/^[BCDEGRST] \\([^ ]*\\) \\([^ ]*\\)\$/  {\"\\2\", (lt_ptr) \\&\\2},/p'\''"'
lt_lt_cv_sys_global_symbol_to_cdecl='"sed -n -e '\''s/^. .* \\(.*\\)\$/extern int \\1;/p'\''"'

## ----------------- ##
## Output variables. ##
## ----------------- ##

ACLOCAL='${SHELL} /home/josh/Puff-UAF/source/auto/missing --run aclocal-1.9'
AMDEPBACKSLASH='\'
AMDEP_FALSE='#'
AMDEP_TRUE=''
AMTAR='${SHELL} /home/josh/Puff-UAF/source/auto/missing --run tar'
AR='ar'
ASHDUMP='/home/josh/puff/bin/ashdump.pl'
ASHXP_BUILD_LIBJPEG_FALSE=''
ASHXP_BUILD_LIBJPEG_TRUE='#'
AUTOCONF='${SHELL} /home/josh/Puff-UAF/source/auto/missing --run autoconf'
AUTOHEADER='${SHELL} /home/josh/Puff-UAF/source/auto/missing --run autoheader'
AUTOMAKE='${SHELL} /home/josh/Puff-UAF/source/auto/missing --run automake-1.9'
AWK='gawk'
BUILD_INSTALL_DOCS_FALSE=''
BUILD_INSTALL_DOCS_TRUE='#'
CC='gcc'
CCDEPMODE='depmode=gcc3'
CFLAGS='-g -O2 -I/usr/include/freetype2'
CONVERT='/usr/bin/convert'
CPP='gcc -E'
CPPFLAGS=' -I/usr/include/netcdf/'
CXX='g++'
CXXCPP='g++ -E'
CXXDEPMODE='depmode=gcc3'
CXXFLAGS='-g -O2 -Wall'
CYGPATH_W='echo'
DEFS='-DHAVE_CONFIG_H'
DEPDIR='.deps'
ECHO='echo'
ECHO_C=''
ECHO_N='-n'
ECHO_T=''
EGREP='grep -E'
EXEEXT=''
F77='f95'
FFLAGS='-g -O2'
GHOSTSCRIPT='/usr/bin/gs'
GIFSICLE='/usr/bin/gifsicle'
GMTSET='/usr/bin/gmtset'
INSTALL_DATA='${INSTALL} -m 644'
INSTALL_DIR='/home/josh/puff'
INSTALL_PROGRAM='${INSTALL}'
INSTALL_SCRIPT='${INSTALL}'
INSTALL_STRIP_PROGRAM='${SHELL} $(install_sh) -c -s'
LDFLAGS=' -L/usr/local/lib '
LIBOBJS=''
LIBS='-lfreetype -ludunits -lnetcdf -lnetcdf -ljpeg -lm -lcrypt  -lfreetype'
LIBTOOL='$(SHELL) $(top_builddir)/libtool'
LN_S='ln -s'
LTLIBOBJS=''
MAINT='#'
MAINTAINER_MODE_FALSE=''
MAINTAINER_MODE_TRUE='#'
MAKECPT='/usr/bin/makecpt'
MAKEINFO='${SHELL} /home/josh/Puff-UAF/source/auto/missing --run makeinfo'
NCAP='/usr/bin/ncap'
NCATTED='/usr/bin/ncatted'
NCKS='/usr/bin/ncks'
NETCDF_INC='/usr/include/netcdf/'
NETCDF_LIB=''
OBJEXT='o'
PACKAGE='puff-uaf'
PACKAGE_BUGREPORT='rorik@gi.alaska.edu'
PACKAGE_NAME='puff'
PACKAGE_STRING='puff 2.2.1'
PACKAGE_TARNAME='puff-uaf'
PACKAGE_VERSION='2.2.1'
PATH_SEPARATOR=':'
PATH_TO_WEBPUFF='/home/josh/puff/web'
PERL='/usr/bin/perl'
PSBASEMAP='/usr/bin/psbasemap'
PSCOAST='/usr/bin/pscoast'
PSCONTOUR='/usr/bin/pscontour'
PSTEXT='/usr/bin/pstext'
PSXY='/usr/bin/psxy'
PUFF_NEED_GETOPT_LONG_FALSE=''
PUFF_NEED_GETOPT_LONG_TRUE='#'
PUFF_NEED_LIBDMAPF_FALSE='#'
PUFF_NEED_LIBDMAPF_TRUE=''
RANLIB='ranlib'
SET_MAKE=''
SHELL='/bin/sh'
STRIP='strip'
VERSION='2.2.1'
WGET='/usr/bin/wget'
ac_ct_AR='ar'
ac_ct_CC='gcc'
ac_ct_CXX='g++'
ac_ct_F77='f95'
ac_ct_RANLIB='ranlib'
ac_ct_STRIP='strip'
am__fastdepCC_FALSE='#'
am__fastdepCC_TRUE=''
am__fastdepCXX_FALSE='#'
am__fastdepCXX_TRUE=''
am__include='include'
am__leading_dot='.'
am__quote=''
am__tar='${AMTAR} chof - "$$tardir"'
am__untar='${AMTAR} xf -'
bindir='${exec_prefix}/bin'
build='i686-pc-linux-gnu'
build_alias=''
build_cpu='i686'
build_os='linux-gnu'
build_vendor='pc'
datadir='${prefix}/share'
exec_prefix='${prefix}'
host='i686-pc-linux-gnu'
host_alias=''
host_cpu='i686'
host_os='linux-gnu'
host_vendor='pc'
includedir='${prefix}/include'
infodir='${prefix}/info'
install_sh='/home/josh/Puff-UAF/source/auto/install-sh'
libdir='${exec_prefix}/lib'
libexecdir='${exec_prefix}/libexec'
localstatedir='${prefix}/var'
mandir='${prefix}/man'
mkdir_p='mkdir -p --'
oldincludedir='/usr/include'
prefix='/home/josh/puff'
program_transform_name='s,x,x,'
sbindir='${exec_prefix}/sbin'
sharedstatedir='${prefix}/com'
sysconfdir='${prefix}/etc'
target='i686-pc-linux-gnu'
target_alias=''
target_cpu='i686'
target_os='linux-gnu'
target_vendor='pc'

## ----------- ##
## confdefs.h. ##
## ----------- ##

#define ASHXP_BG_FILE_LOCATION "/home/josh/puff/etc/images/"
#define ASHXP_FONTFILE "/home/josh/puff/etc/fonts/FreeMonoBold.ttf"
#define BUILD_OS i686-pc-linux-gnu
#define ENABLE_SHARED 0
#define HAVE_ALGORITHM 1
#define HAVE_ATOI 1
#define HAVE_BASENAME 1
#define HAVE_CBRT 1
#define HAVE_CEIL 1
#define HAVE_CEILF 1
#define HAVE_CMATH 1
#define HAVE_CSTDLIB 1
#define HAVE_CTIME 1
#define HAVE_DIRENT_H 1
#define HAVE_DLFCN_H 1
#define HAVE_EXP10 1
#define HAVE_FLOOR 1
#define HAVE_FLOORF 1
#define HAVE_FSTREAM 1
#define HAVE_GETOPT 1
#define HAVE_GETOPT_H 1
#define HAVE_GETOPT_LONG 1
#define HAVE_INTTYPES_H 1
#define HAVE_IOMANIP 1
#define HAVE_IOSTREAM 1
#define HAVE_JPEGLIB_H 1
#define HAVE_LIBCRYPT 1
#define HAVE_LIBFREETYPE 1
#define HAVE_LIBGEN_H 1
#define HAVE_LIBJPEG 1
#define HAVE_LIBM 1
#define HAVE_LIBNETCDF 1
#define HAVE_LIBNETCDF 1
#define HAVE_LIBNETCDF_CXX 1
#define HAVE_LIBUDUNITS 1
#define HAVE_LIST 1
#define HAVE_LOGF 1
#define HAVE_MEMORY_H 1
#define HAVE_MKSTEMP 1
#define HAVE_NETCDFCPP_H 1
#define HAVE_NETCDF_H 1
#define HAVE_PRINTF 1
#define HAVE_PUTENV 1
#define HAVE_SETENV 1
#define HAVE_SSCANF 1
#define HAVE_SSTREAM 1
#define HAVE_STDINT_H 1
#define HAVE_STDLIB_H 1
#define HAVE_STRING 1
#define HAVE_STRINGS_H 1
#define HAVE_STRING_H 1
#define HAVE_STRSTREAM 1
#define HAVE_SYS_STAT_H 1
#define HAVE_SYS_STAT_H 1
#define HAVE_SYS_TYPES_H 1
#define HAVE_SYS_TYPES_H 1
#define HAVE_TMPNAM 1
#define HAVE_TOUPPER 1
#define HAVE_UDUNITS_H 1
#define HAVE_UNISTD_H 1
#define HAVE_UNISTD_H 1
#define HAVE_VECTOR 1
#define PACKAGE "puff-uaf"
#define PACKAGE_BUGREPORT "rorik@gi.alaska.edu"
#define PACKAGE_NAME "puff"
#define PACKAGE_STRING "puff 2.2.1"
#define PACKAGE_TARNAME "puff-uaf"
#define PACKAGE_VERSION "2.2.1"
#define STDC_HEADERS 1
#define VERSION "2.2.1"
#endif
#ifdef __cplusplus
extern "C" void exit (int) throw ();

configure: exit 0
